<?xml version="1.0" encoding="UTF-8"?>
<!-- Generated by org.testng.reporters.JUnitReportReporter -->
<testsuite skipped="0" hostname="Home" name="com.crm.qa.testcases.LoginTest" tests="3" failures="0" timestamp="05 Jul 2018 08:36:20 GMT" time="63.623" errors="0">
  <testcase name="loginPageLogoTest" time="11.946" classname="com.crm.qa.testcases.LoginTest"/>
  <testcase name="loginPageTitleTest" time="14.629" classname="com.crm.qa.testcases.LoginTest"/>
  <testcase name="LoginAppTest" time="37.048" classname="com.crm.qa.testcases.LoginTest"/>
</testsuite> <!-- com.crm.qa.testcases.LoginTest -->
