<?xml version="1.0" encoding="UTF-8"?>
<!-- Generated by org.testng.reporters.JUnitReportReporter -->
<testsuite skipped="0" hostname="Home" name="com.crm.qa.testcases.LoginTest" tests="3" failures="0" timestamp="02 May 2018 15:50:43 GMT" time="31.822" errors="0">
  <testcase name="loginPageLogoTest" time="10.187" classname="com.crm.qa.testcases.LoginTest"/>
  <testcase name="loginPageTitleTest" time="9.572" classname="com.crm.qa.testcases.LoginTest"/>
  <testcase name="LoginAppTest" time="12.063" classname="com.crm.qa.testcases.LoginTest"/>
</testsuite> <!-- com.crm.qa.testcases.LoginTest -->
