<?xml version="1.0" encoding="UTF-8"?>
<!-- Generated by org.testng.reporters.JUnitReportReporter -->
<testsuite skipped="0" hostname="Home" name="com.crm.qa.testcases.HomePageTest" tests="1" failures="0" timestamp="02 Jul 2018 15:49:03 GMT" time="24.280" errors="0">
  <testcase name="testing" time="24.280" classname="com.crm.qa.testcases.HomePageTest"/>
</testsuite> <!-- com.crm.qa.testcases.HomePageTest -->
