<?xml version="1.0" encoding="UTF-8"?>
<!-- Generated by org.testng.reporters.JUnitReportReporter -->
<testsuite skipped="0" hostname="Home" name="com.crm.qa.testcases.LoginTest" tests="3" failures="0" timestamp="02 Jul 2018 15:49:03 GMT" time="47.152" errors="0">
  <testcase name="loginPageLogoTest" time="13.073" classname="com.crm.qa.testcases.LoginTest"/>
  <testcase name="loginPageTitleTest" time="9.671" classname="com.crm.qa.testcases.LoginTest"/>
  <testcase name="LoginAppTest" time="24.408" classname="com.crm.qa.testcases.LoginTest"/>
</testsuite> <!-- com.crm.qa.testcases.LoginTest -->
